e:\杂物\huawei\huawei\x64\release\vc140.pdb
e:\杂物\huawei\huawei\x64\release\node.nativecodeanalysis.xml
e:\杂物\huawei\huawei\x64\release\solution.nativecodeanalysis.xml
e:\杂物\huawei\huawei\x64\release\io.nativecodeanalysis.xml
e:\杂物\huawei\huawei\x64\release\deploy.nativecodeanalysis.xml
e:\杂物\huawei\huawei\x64\release\cdn.nativecodeanalysis.xml
e:\杂物\huawei\huawei\x64\release\cdn.obj
e:\杂物\huawei\huawei\x64\release\deploy.obj
e:\杂物\huawei\huawei\x64\release\io.obj
e:\杂物\huawei\huawei\x64\release\solution.obj
e:\杂物\huawei\huawei\x64\release\node.obj
e:\杂物\huawei\x64\release\huawei.exe
e:\杂物\huawei\x64\release\huawei.ipdb
e:\杂物\huawei\x64\release\huawei.iobj
e:\杂物\huawei\x64\release\huawei.pdb
e:\杂物\huawei\huawei\x64\release\nativecodeanalysis.read.1.tlog
e:\杂物\huawei\huawei\x64\release\vc.nativecodeanalysis.all.xml
e:\杂物\huawei\x64\release\huawei.exe.lastcodeanalysissucceeded
e:\杂物\huawei\huawei\x64\release\huawei.tlog\cl.command.1.tlog
e:\杂物\huawei\huawei\x64\release\huawei.tlog\cl.read.1.tlog
e:\杂物\huawei\huawei\x64\release\huawei.tlog\cl.write.1.tlog
e:\杂物\huawei\huawei\x64\release\huawei.tlog\link.command.1.tlog
e:\杂物\huawei\huawei\x64\release\huawei.tlog\link.read.1.tlog
e:\杂物\huawei\huawei\x64\release\huawei.tlog\link.write.1.tlog
